[debug] [2019-06-22T08:55:53.874Z] ----------------------------------------------------------------------
[debug] [2019-06-22T08:55:53.876Z] Command:       C:\Program Files\nodejs\node.exe C:\Users\nvvi\AppData\Roaming\npm\node_modules\firebase-tools\lib\bin\firebase.js login
[debug] [2019-06-22T08:55:53.876Z] CLI Version:   7.0.1
[debug] [2019-06-22T08:55:53.877Z] Platform:      win32
[debug] [2019-06-22T08:55:53.877Z] Node Version:  v12.3.1
[debug] [2019-06-22T08:55:53.878Z] Time:          Sat Jun 22 2019 15:55:53 GMT+0700 (Indochina Time)
[debug] [2019-06-22T08:55:53.879Z] ----------------------------------------------------------------------
[debug] 
[info] 
[info] Visit this URL on any device to log in:
[info] https://accounts.google.com/o/oauth2/auth?client_id=563584335869-fgrhgmd47bqnekij5i8b5pr03ho849e6.apps.googleusercontent.com&scope=email%20openid%20https%3A%2F%2Fwww.googleapis.com%2Fauth%2Fcloudplatformprojects.readonly%20https%3A%2F%2Fwww.googleapis.com%2Fauth%2Ffirebase%20https%3A%2F%2Fwww.googleapis.com%2Fauth%2Fcloud-platform&response_type=code&state=557060766&redirect_uri=http%3A%2F%2Flocalhost%3A9005
[info] 
[info] Waiting for authentication...
[debug] [2019-06-22T08:56:08.446Z] >>> HTTP REQUEST POST https://accounts.google.com/o/oauth2/token  

[debug] [2019-06-22T08:56:10.710Z] Token Fetch Error: Error
    at new FirebaseError (C:\Users\nvvi\AppData\Roaming\npm\node_modules\firebase-tools\lib\error.js:9:18)
    at Request._callback (C:\Users\nvvi\AppData\Roaming\npm\node_modules\firebase-tools\lib\api.js:30:31)
    at self.callback (C:\Users\nvvi\AppData\Roaming\npm\node_modules\firebase-tools\node_modules\request\request.js:185:22)
    at Request.emit (events.js:200:13)
    at Request.EventEmitter.emit (domain.js:471:20)
    at Request.onRequestError (C:\Users\nvvi\AppData\Roaming\npm\node_modules\firebase-tools\node_modules\request\request.js:881:8)
    at ClientRequest.emit (events.js:200:13)
    at ClientRequest.EventEmitter.emit (domain.js:471:20)
    at ClientRequest.onError (C:\Users\nvvi\AppData\Roaming\npm\node_modules\firebase-tools\node_modules\tunnel-agent\index.js:179:21)
    at Object.onceWrapper (events.js:288:20)
